0 info it worked if it ends with ok
1 verbose cli [ '/home/ubuntu/.nvm/versions/node/v4.4.5/bin/node',
1 verbose cli   '/home/ubuntu/.nvm/versions/node/v4.4.5/bin/npm',
1 verbose cli   'view' ]
2 info using npm@3.9.5
3 info using node@v4.4.5
4 silly mapToRegistry name @rjk10892/main
5 silly mapToRegistry scope (from package name) @rjk10892
6 verbose mapToRegistry no registry URL found in name for scope @rjk10892
7 silly mapToRegistry using default registry
8 silly mapToRegistry registry http://localhost:15443/
9 silly mapToRegistry data Result {
9 silly mapToRegistry   raw: '@rjk10892/main',
9 silly mapToRegistry   scope: '@rjk10892',
9 silly mapToRegistry   name: '@rjk10892/main',
9 silly mapToRegistry   rawSpec: '',
9 silly mapToRegistry   spec: 'latest',
9 silly mapToRegistry   type: 'tag' }
10 silly mapToRegistry uri http://localhost:15443/@rjk10892%2fmain
11 verbose request uri http://localhost:15443/@rjk10892%2fmain
12 verbose request no auth needed
13 info attempt registry request try #1 at 5:17:31 PM
14 verbose request id 0be9a8f39028833c
15 http request GET http://localhost:15443/@rjk10892%2fmain
16 info retry will retry, error on last attempt: Error: connect ECONNREFUSED 127.0.0.1:15443
17 info attempt registry request try #2 at 5:17:41 PM
18 http request GET http://localhost:15443/@rjk10892%2fmain
19 info retry will retry, error on last attempt: Error: connect ECONNREFUSED 127.0.0.1:15443
20 info attempt registry request try #3 at 5:18:41 PM
21 http request GET http://localhost:15443/@rjk10892%2fmain
22 verbose stack Error: connect ECONNREFUSED 127.0.0.1:15443
22 verbose stack     at Object.exports._errnoException (util.js:870:11)
22 verbose stack     at exports._exceptionWithHostPort (util.js:893:20)
22 verbose stack     at TCPConnectWrap.afterConnect [as oncomplete] (net.js:1061:14)
23 verbose cwd /home/ubuntu/workspace/main
24 error Linux 4.2.0-c9
25 error argv "/home/ubuntu/.nvm/versions/node/v4.4.5/bin/node" "/home/ubuntu/.nvm/versions/node/v4.4.5/bin/npm" "view"
26 error node v4.4.5
27 error npm  v3.9.5
28 error code ECONNREFUSED
29 error errno ECONNREFUSED
30 error syscall connect
31 error Error: connect ECONNREFUSED 127.0.0.1:15443
31 error     at Object.exports._errnoException (util.js:870:11)
31 error     at exports._exceptionWithHostPort (util.js:893:20)
31 error     at TCPConnectWrap.afterConnect [as oncomplete] (net.js:1061:14)
31 error  { [Error: connect ECONNREFUSED 127.0.0.1:15443]
31 error   code: 'ECONNREFUSED',
31 error   errno: 'ECONNREFUSED',
31 error   syscall: 'connect',
31 error   address: '127.0.0.1',
31 error   port: 15443 }
32 error If you are behind a proxy, please make sure that the
32 error 'proxy' config is set properly.  See: 'npm help config'
33 verbose exit [ 1, true ]
